Base path: 'C:/Program Files/Unity/Hub/Editor/2019.3.9f1/Editor/Data', plugins path 'C:/Program Files/Unity/Hub/Editor/2019.3.9f1/Editor/Data/PlaybackEngines'
Cmd: initializeCompiler
Cmd: compileSnippet
  api=4 type=0 insize=12757 outsize=402 kw=SHADOW_MEDIUM USE_FPTL_LIGHTLIST pd=UNITY_ENABLE_REFLECTION_BUFFERS UNITY_USE_DITHER_MASK_FOR_ALPHABLENDED_SHADOWS UNITY_PBS_USE_BRDF1 UNITY_SPECCUBE_BOX_PROJECTION UNITY_SPECCUBE_BLENDING UNITY_ENABLE_DETAIL_NORMALMAP SHADER_API_DESKTOP UNITY_LIGHT_PROBE_PROXY_VOLUME UNITY_LIGHTMAP_FULL_HDR ok=1
Cmd: compileSnippet
  api=4 type=1 insize=12757 outsize=790 kw=SHADOW_MEDIUM USE_FPTL_LIGHTLIST pd=UNITY_ENABLE_REFLECTION_BUFFERS UNITY_USE_DITHER_MASK_FOR_ALPHABLENDED_SHADOWS UNITY_PBS_USE_BRDF1 UNITY_SPECCUBE_BOX_PROJECTION UNITY_SPECCUBE_BLENDING UNITY_ENABLE_DETAIL_NORMALMAP SHADER_API_DESKTOP UNITY_LIGHT_PROBE_PROXY_VOLUME UNITY_LIGHTMAP_FULL_HDR ok=1
Cmd: preprocessCompute
  insize=8231 outsize=8233 ok=1
Cmd: preprocessCompute
  insize=6286 outsize=6288 ok=1
Cmd: preprocess
  insize=40320 outsize=628 ok=1
Cmd: preprocessCompute
  insize=1974 outsize=1976 ok=1
Cmd: preprocessCompute
  insize=8321 outsize=8323 ok=1
Cmd: preprocessCompute
  insize=6241 outsize=6243 ok=1
Cmd: preprocess
  insize=40320 outsize=628 ok=1
Cmd: preprocessCompute
  insize=1974 outsize=1976 ok=1
Cmd: preprocessCompute
  insize=8231 outsize=8233 ok=1
Cmd: preprocessCompute
  insize=6286 outsize=6288 ok=1
Cmd: preprocess
  insize=40320 outsize=628 ok=1
Cmd: preprocessCompute
  insize=1974 outsize=1976 ok=1
Cmd: preprocessCompute
  insize=8231 outsize=8233 ok=1
Cmd: preprocessCompute
  insize=6286 outsize=6288 ok=1
Cmd: preprocess
  insize=40320 outsize=628 ok=1
Cmd: preprocessCompute
  insize=1974 outsize=1976 ok=1
